Using pre-set license
Built from '2020.3/staging' branch; Version is '2020.3.11f1 (99c7afb366b3) revision 10078127'; Using compiler version '192528614'; Build Type 'Release'
OS: 'Windows 10 Enterprise; OS build 19041.985; Version 2004; 64bit' Language: 'en' Physical Memory: 16332 MB
BatchMode: 1, IsHumanControllingUs: 0, StartBugReporterOnCrash: 0, Is64bit: 1, IsPro: 0

 COMMAND LINE ARGUMENTS:
C:\Program Files\Unity\2020.3.11f1\Editor\Unity.exe
-adb2
-batchMode
-noUpm
-name
AssetImportWorker0
-projectPath
C:/Users/Calquter/Documents/GitHub/TheNightmare2/SoldierAI
-logFile
Logs/AssetImportWorker0.log
-srvPort
57257
Successfully changed project path to: C:/Users/Calquter/Documents/GitHub/TheNightmare2/SoldierAI
C:/Users/Calquter/Documents/GitHub/TheNightmare2/SoldierAI
Using Asset Import Pipeline V2.
Refreshing native plugins compatible for Editor in 59.01 ms, found 2 plugins.
Preloading 0 native plugins for Editor in 0.00 ms.
Initialize engine version: 2020.3.11f1 (99c7afb366b3)
[Subsystems] Discovering subsystems at path C:/Program Files/Unity/2020.3.11f1/Editor/Data/Resources/UnitySubsystems
[Subsystems] Discovering subsystems at path C:/Users/Calquter/Documents/GitHub/TheNightmare2/SoldierAI/Assets
GfxDevice: creating device client; threaded=0
Direct3D:
    Version:  Direct3D 11.0 [level 11.1]
    Renderer: Radeon RX 5500 XT (ID=0x7340)
    Vendor:   
    VRAM:     8151 MB
    Driver:   27.20.15003.5017
Initialize mono
Mono path[0] = 'C:/Program Files/Unity/2020.3.11f1/Editor/Data/Managed'
Mono path[1] = 'C:/Program Files/Unity/2020.3.11f1/Editor/Data/MonoBleedingEdge/lib/mono/unityjit'
Mono config path = 'C:/Program Files/Unity/2020.3.11f1/Editor/Data/MonoBleedingEdge/etc'
Using monoOptions --debugger-agent=transport=dt_socket,embedding=1,server=y,suspend=n,address=127.0.0.1:56552
Begin MonoManager ReloadAssembly
Registering precompiled unity dll's ...
Register platform support module: C:/Program Files/Unity/2020.3.11f1/Editor/Data/PlaybackEngines/WindowsStandaloneSupport/UnityEditor.WindowsStandalone.Extensions.dll
Registered in 0.002666 seconds.
Native extension for WindowsStandalone target not found
Refreshing native plugins compatible for Editor in 61.26 ms, found 2 plugins.
Preloading 0 native plugins for Editor in 0.00 ms.
Mono: successfully reloaded assembly
- Completed reload, in  1.451 seconds
Platform modules already initialized, skipping
Registering precompiled user dll's ...
Registered in 0.005840 seconds.
Begin MonoManager ReloadAssembly
Native extension for WindowsStandalone target not found
Refreshing native plugins compatible for Editor in 71.17 ms, found 2 plugins.
Preloading 0 native plugins for Editor in 0.00 ms.
Mono: successfully reloaded assembly
- Completed reload, in  1.459 seconds
Platform modules already initialized, skipping
========================================================================
Worker process is ready to serve import requests
Shader 'Universal Render Pipeline/Particles/Lit': fallback shader 'Universal Render Pipeline/Particles/SimpleLit' not found
Shader 'Universal Render Pipeline/Particles/Lit': fallback shader 'Universal Render Pipeline/Particles/SimpleLit' not found
Launched and connected shader compiler UnityShaderCompiler.exe after 0.09 seconds
Refreshing native plugins compatible for Editor in 0.54 ms, found 2 plugins.
Preloading 0 native plugins for Editor in 0.00 ms.
Unloading 2689 Unused Serialized files (Serialized files now loaded: 0)
System memory in use before: 123.8 MB.
System memory in use after: 121.3 MB.

Unloading 54 unused Assets to reduce memory usage. Loaded Objects now: 3091.
Total: 4.081700 ms (FindLiveObjects: 0.296400 ms CreateObjectMapping: 0.074800 ms MarkObjects: 2.306100 ms  DeleteObjects: 1.402400 ms)

========================================================================
Received Import Request.
  path: Assets/Scripts/SoldierAI.cs
  artifactKey: Guid(888c9793295aafe4aabfdc84bad6c0be) Importer(815301076,1909f56bfc062723c751e8b465ee728b)
Start importing Assets/Scripts/SoldierAI.cs using Guid(888c9793295aafe4aabfdc84bad6c0be) Importer(815301076,1909f56bfc062723c751e8b465ee728b)  -> (artifact id: '00db4a07213fba839e4e87e759c06e2a') in 0.037022 seconds
  Import took 0.041621 seconds .

========================================================================
Received Import Request.
  Time since last request: 436.171704 seconds.
  path: Assets/Animations/swat@Rifle Walk.controller
  artifactKey: Guid(b18870a1cdccb744f862c623fcc82193) Importer(815301076,1909f56bfc062723c751e8b465ee728b)
Start importing Assets/Animations/swat@Rifle Walk.controller using Guid(b18870a1cdccb744f862c623fcc82193) Importer(815301076,1909f56bfc062723c751e8b465ee728b)  -> (artifact id: '5c6ce73d9e96555b2f948f8af4630d66') in 0.020561 seconds
  Import took 0.025681 seconds .

========================================================================
Received Import Request.
  Time since last request: 77.750315 seconds.
  path: Assets/Animations/swat@Crouch To Standing With Rifle.fbx
  artifactKey: Guid(42edcfea2a666bb428a3636c82b29a5c) Importer(815301076,1909f56bfc062723c751e8b465ee728b)
Start importing Assets/Animations/swat@Crouch To Standing With Rifle.fbx using Guid(42edcfea2a666bb428a3636c82b29a5c) Importer(815301076,1909f56bfc062723c751e8b465ee728b)  -> (artifact id: '7cbab470f50650a1f59c10d08db2c415') in 0.057079 seconds
  Import took 0.061915 seconds .

========================================================================
Received Import Request.
  Time since last request: 175.991211 seconds.
  path: Assets/Animations/swat@Rifle Walk.controller
  artifactKey: Guid(b18870a1cdccb744f862c623fcc82193) Importer(815301076,1909f56bfc062723c751e8b465ee728b)
Start importing Assets/Animations/swat@Rifle Walk.controller using Guid(b18870a1cdccb744f862c623fcc82193) Importer(815301076,1909f56bfc062723c751e8b465ee728b)  -> (artifact id: 'bc3e97bb544caa7245dfbef89032e2c1') in 0.009956 seconds
  Import took 0.014836 seconds .

========================================================================
Received Prepare
Registering precompiled user dll's ...
Registered in 0.005812 seconds.
Begin MonoManager ReloadAssembly
Native extension for WindowsStandalone target not found
Refreshing native plugins compatible for Editor in 0.58 ms, found 2 plugins.
Preloading 0 native plugins for Editor in 0.00 ms.
Mono: successfully reloaded assembly
- Completed reload, in  1.227 seconds
Platform modules already initialized, skipping
Shader 'Universal Render Pipeline/Particles/Lit': fallback shader 'Universal Render Pipeline/Particles/SimpleLit' not found
Shader 'Universal Render Pipeline/Particles/Lit': fallback shader 'Universal Render Pipeline/Particles/SimpleLit' not found
Refreshing native plugins compatible for Editor in 0.60 ms, found 2 plugins.
Preloading 0 native plugins for Editor in 0.00 ms.
Unloading 2615 Unused Serialized files (Serialized files now loaded: 0)
System memory in use before: 120.3 MB.
System memory in use after: 117.8 MB.

Unloading 49 unused Assets to reduce memory usage. Loaded Objects now: 3094.
Total: 4.832700 ms (FindLiveObjects: 0.376300 ms CreateObjectMapping: 0.097400 ms MarkObjects: 2.626100 ms  DeleteObjects: 1.731500 ms)

========================================================================
Received Prepare
Registering precompiled user dll's ...
Registered in 0.005816 seconds.
Begin MonoManager ReloadAssembly
Native extension for WindowsStandalone target not found
Refreshing native plugins compatible for Editor in 0.57 ms, found 2 plugins.
Preloading 0 native plugins for Editor in 0.00 ms.
Mono: successfully reloaded assembly
- Completed reload, in  1.203 seconds
Platform modules already initialized, skipping
Shader 'Universal Render Pipeline/Particles/Lit': fallback shader 'Universal Render Pipeline/Particles/SimpleLit' not found
Shader 'Universal Render Pipeline/Particles/Lit': fallback shader 'Universal Render Pipeline/Particles/SimpleLit' not found
Refreshing native plugins compatible for Editor in 0.56 ms, found 2 plugins.
Preloading 0 native plugins for Editor in 0.00 ms.
Unloading 2615 Unused Serialized files (Serialized files now loaded: 0)
System memory in use before: 120.4 MB.
System memory in use after: 118.0 MB.

Unloading 49 unused Assets to reduce memory usage. Loaded Objects now: 3097.
Total: 3.845800 ms (FindLiveObjects: 0.252700 ms CreateObjectMapping: 0.073800 ms MarkObjects: 2.073500 ms  DeleteObjects: 1.444600 ms)

========================================================================
Received Prepare
Registering precompiled user dll's ...
Registered in 0.005753 seconds.
Begin MonoManager ReloadAssembly
Native extension for WindowsStandalone target not found
Refreshing native plugins compatible for Editor in 0.58 ms, found 2 plugins.
Preloading 0 native plugins for Editor in 0.00 ms.
Mono: successfully reloaded assembly
- Completed reload, in  1.202 seconds
Platform modules already initialized, skipping
Shader 'Universal Render Pipeline/Particles/Lit': fallback shader 'Universal Render Pipeline/Particles/SimpleLit' not found
Shader 'Universal Render Pipeline/Particles/Lit': fallback shader 'Universal Render Pipeline/Particles/SimpleLit' not found
Refreshing native plugins compatible for Editor in 0.55 ms, found 2 plugins.
Preloading 0 native plugins for Editor in 0.00 ms.
Unloading 2615 Unused Serialized files (Serialized files now loaded: 0)
System memory in use before: 120.5 MB.
System memory in use after: 118.0 MB.

Unloading 49 unused Assets to reduce memory usage. Loaded Objects now: 3100.
Total: 3.901900 ms (FindLiveObjects: 0.254500 ms CreateObjectMapping: 0.073200 ms MarkObjects: 2.094900 ms  DeleteObjects: 1.477800 ms)

========================================================================
Received Prepare
Registering precompiled user dll's ...
Registered in 0.005712 seconds.
Begin MonoManager ReloadAssembly
Native extension for WindowsStandalone target not found
Refreshing native plugins compatible for Editor in 0.55 ms, found 2 plugins.
Preloading 0 native plugins for Editor in 0.00 ms.
Mono: successfully reloaded assembly
- Completed reload, in  1.178 seconds
Platform modules already initialized, skipping
Shader 'Universal Render Pipeline/Particles/Lit': fallback shader 'Universal Render Pipeline/Particles/SimpleLit' not found
Shader 'Universal Render Pipeline/Particles/Lit': fallback shader 'Universal Render Pipeline/Particles/SimpleLit' not found
Refreshing native plugins compatible for Editor in 0.56 ms, found 2 plugins.
Preloading 0 native plugins for Editor in 0.00 ms.
Unloading 2615 Unused Serialized files (Serialized files now loaded: 0)
System memory in use before: 120.6 MB.
System memory in use after: 118.0 MB.

Unloading 49 unused Assets to reduce memory usage. Loaded Objects now: 3103.
Total: 3.930300 ms (FindLiveObjects: 0.248100 ms CreateObjectMapping: 0.073400 ms MarkObjects: 2.070800 ms  DeleteObjects: 1.536800 ms)

========================================================================
Received Prepare
Registering precompiled user dll's ...
Registered in 0.005489 seconds.
Begin MonoManager ReloadAssembly
Native extension for WindowsStandalone target not found
Refreshing native plugins compatible for Editor in 0.56 ms, found 2 plugins.
Preloading 0 native plugins for Editor in 0.00 ms.
Mono: successfully reloaded assembly
- Completed reload, in  1.189 seconds
Platform modules already initialized, skipping
Shader 'Universal Render Pipeline/Particles/Lit': fallback shader 'Universal Render Pipeline/Particles/SimpleLit' not found
Shader 'Universal Render Pipeline/Particles/Lit': fallback shader 'Universal Render Pipeline/Particles/SimpleLit' not found
Refreshing native plugins compatible for Editor in 0.55 ms, found 2 plugins.
Preloading 0 native plugins for Editor in 0.00 ms.
Unloading 2615 Unused Serialized files (Serialized files now loaded: 0)
System memory in use before: 120.6 MB.
System memory in use after: 118.0 MB.

Unloading 49 unused Assets to reduce memory usage. Loaded Objects now: 3106.
Total: 4.261700 ms (FindLiveObjects: 0.285000 ms CreateObjectMapping: 0.071600 ms MarkObjects: 2.290100 ms  DeleteObjects: 1.613500 ms)

========================================================================
Received Prepare
Registering precompiled user dll's ...
Registered in 0.005618 seconds.
Begin MonoManager ReloadAssembly
Native extension for WindowsStandalone target not found
Refreshing native plugins compatible for Editor in 0.55 ms, found 2 plugins.
Preloading 0 native plugins for Editor in 0.00 ms.
Mono: successfully reloaded assembly
- Completed reload, in  1.190 seconds
Platform modules already initialized, skipping
Shader 'Universal Render Pipeline/Particles/Lit': fallback shader 'Universal Render Pipeline/Particles/SimpleLit' not found
Shader 'Universal Render Pipeline/Particles/Lit': fallback shader 'Universal Render Pipeline/Particles/SimpleLit' not found
Refreshing native plugins compatible for Editor in 0.55 ms, found 2 plugins.
Preloading 0 native plugins for Editor in 0.00 ms.
Unloading 2615 Unused Serialized files (Serialized files now loaded: 0)
System memory in use before: 120.6 MB.
System memory in use after: 118.0 MB.

Unloading 49 unused Assets to reduce memory usage. Loaded Objects now: 3109.
Total: 3.950400 ms (FindLiveObjects: 0.250600 ms CreateObjectMapping: 0.073100 ms MarkObjects: 2.086400 ms  DeleteObjects: 1.539100 ms)

========================================================================
Received Prepare
Registering precompiled user dll's ...
Registered in 0.005499 seconds.
Begin MonoManager ReloadAssembly
Native extension for WindowsStandalone target not found
Refreshing native plugins compatible for Editor in 0.57 ms, found 2 plugins.
Preloading 0 native plugins for Editor in 0.00 ms.
Mono: successfully reloaded assembly
- Completed reload, in  1.193 seconds
Platform modules already initialized, skipping
Shader 'Universal Render Pipeline/Particles/Lit': fallback shader 'Universal Render Pipeline/Particles/SimpleLit' not found
Shader 'Universal Render Pipeline/Particles/Lit': fallback shader 'Universal Render Pipeline/Particles/SimpleLit' not found
Refreshing native plugins compatible for Editor in 0.60 ms, found 2 plugins.
Preloading 0 native plugins for Editor in 0.00 ms.
Unloading 2615 Unused Serialized files (Serialized files now loaded: 0)
System memory in use before: 120.6 MB.
System memory in use after: 118.0 MB.

Unloading 49 unused Assets to reduce memory usage. Loaded Objects now: 3112.
Total: 4.113800 ms (FindLiveObjects: 0.279100 ms CreateObjectMapping: 0.072700 ms MarkObjects: 2.183900 ms  DeleteObjects: 1.576800 ms)

========================================================================
Received Prepare
Registering precompiled user dll's ...
Registered in 0.005505 seconds.
Begin MonoManager ReloadAssembly
Native extension for WindowsStandalone target not found
Refreshing native plugins compatible for Editor in 0.59 ms, found 2 plugins.
Preloading 0 native plugins for Editor in 0.00 ms.
Mono: successfully reloaded assembly
- Completed reload, in  1.184 seconds
Platform modules already initialized, skipping
Shader 'Universal Render Pipeline/Particles/Lit': fallback shader 'Universal Render Pipeline/Particles/SimpleLit' not found
Shader 'Universal Render Pipeline/Particles/Lit': fallback shader 'Universal Render Pipeline/Particles/SimpleLit' not found
Refreshing native plugins compatible for Editor in 0.57 ms, found 2 plugins.
Preloading 0 native plugins for Editor in 0.00 ms.
Unloading 2615 Unused Serialized files (Serialized files now loaded: 0)
System memory in use before: 120.6 MB.
System memory in use after: 118.0 MB.

Unloading 49 unused Assets to reduce memory usage. Loaded Objects now: 3115.
Total: 3.984200 ms (FindLiveObjects: 0.262400 ms CreateObjectMapping: 0.072200 ms MarkObjects: 2.106000 ms  DeleteObjects: 1.542000 ms)

========================================================================
Received Import Request.
  Time since last request: 1188.071537 seconds.
  path: Assets/Animations/swat@Rifle Walk.controller
  artifactKey: Guid(b18870a1cdccb744f862c623fcc82193) Importer(815301076,1909f56bfc062723c751e8b465ee728b)
Start importing Assets/Animations/swat@Rifle Walk.controller using Guid(b18870a1cdccb744f862c623fcc82193) Importer(815301076,1909f56bfc062723c751e8b465ee728b)  -> (artifact id: '3e388c3e05e24cebc751e98bf0e3641c') in 0.019196 seconds
  Import took 0.025276 seconds .

========================================================================
Received Import Request.
  Time since last request: 0.242355 seconds.
  path: Assets/Animations/swat@Rifle Walk.controller
  artifactKey: Guid(b18870a1cdccb744f862c623fcc82193) Importer(815301076,1909f56bfc062723c751e8b465ee728b)
Start importing Assets/Animations/swat@Rifle Walk.controller using Guid(b18870a1cdccb744f862c623fcc82193) Importer(815301076,1909f56bfc062723c751e8b465ee728b)  -> (artifact id: '5ccd44c77395f1558e5642db8ede87cd') in 0.010075 seconds
  Import took 0.014542 seconds .

========================================================================
Received Import Request.
  Time since last request: 30.181410 seconds.
  path: Assets/Animations/swat@Rifle Walk.controller
  artifactKey: Guid(b18870a1cdccb744f862c623fcc82193) Importer(815301076,1909f56bfc062723c751e8b465ee728b)
Start importing Assets/Animations/swat@Rifle Walk.controller using Guid(b18870a1cdccb744f862c623fcc82193) Importer(815301076,1909f56bfc062723c751e8b465ee728b)  -> (artifact id: '1ddcc2e72bbcddc3e03d84e7fb3cfcee') in 0.009739 seconds
  Import took 0.014788 seconds .

========================================================================
Received Import Request.
  Time since last request: 0.512830 seconds.
  path: Assets/Animations/swat@Idle Crouching Aiming.fbx
  artifactKey: Guid(9464d21dfa3cd1441a7813669617a32e) Importer(815301076,1909f56bfc062723c751e8b465ee728b)
Start importing Assets/Animations/swat@Idle Crouching Aiming.fbx using Guid(9464d21dfa3cd1441a7813669617a32e) Importer(815301076,1909f56bfc062723c751e8b465ee728b)  -> (artifact id: '82238199dcea9e026af5d864f39814f9') in 0.018051 seconds
  Import took 0.022413 seconds .

========================================================================
Received Import Request.
  Time since last request: 0.012677 seconds.
  path: Assets/Animations/swat@Idle Crouching Aiming.fbx
  artifactKey: Guid(9464d21dfa3cd1441a7813669617a32e) Importer(815301076,1909f56bfc062723c751e8b465ee728b)
Start importing Assets/Animations/swat@Idle Crouching Aiming.fbx using Guid(9464d21dfa3cd1441a7813669617a32e) Importer(815301076,1909f56bfc062723c751e8b465ee728b)  -> (artifact id: '82238199dcea9e026af5d864f39814f9') in 0.005562 seconds
  Import took 0.009774 seconds .

========================================================================
Received Import Request.
  Time since last request: 2.325418 seconds.
  path: Assets/Animations/swat@Idle Crouching Aiming.fbx
  artifactKey: Guid(9464d21dfa3cd1441a7813669617a32e) Importer(815301076,1909f56bfc062723c751e8b465ee728b)
Start importing Assets/Animations/swat@Idle Crouching Aiming.fbx using Guid(9464d21dfa3cd1441a7813669617a32e) Importer(815301076,1909f56bfc062723c751e8b465ee728b)  -> (artifact id: 'e8ef22080ee51c4c40572636069613dc') in 0.009127 seconds
  Import took 0.013882 seconds .

========================================================================
Received Import Request.
  Time since last request: 0.001143 seconds.
  path: Assets/Animations/swat@Idle Crouching Aiming.fbx
  artifactKey: Guid(9464d21dfa3cd1441a7813669617a32e) Importer(815301076,1909f56bfc062723c751e8b465ee728b)
Start importing Assets/Animations/swat@Idle Crouching Aiming.fbx using Guid(9464d21dfa3cd1441a7813669617a32e) Importer(815301076,1909f56bfc062723c751e8b465ee728b)  -> (artifact id: 'e8ef22080ee51c4c40572636069613dc') in 0.005786 seconds
  Import took 0.010161 seconds .

========================================================================
Received Import Request.
  Time since last request: 0.921560 seconds.
  path: Assets/Animations/swat@Stand To Crouch.fbx
  artifactKey: Guid(29c346e8365cf054d8c35413c1e3be3c) Importer(815301076,1909f56bfc062723c751e8b465ee728b)
Start importing Assets/Animations/swat@Stand To Crouch.fbx using Guid(29c346e8365cf054d8c35413c1e3be3c) Importer(815301076,1909f56bfc062723c751e8b465ee728b)  -> (artifact id: '5968034d9a6d5f218c4ab359e85a1115') in 0.006122 seconds
  Import took 0.011096 seconds .

========================================================================
Received Import Request.
  Time since last request: 0.001227 seconds.
  path: Assets/Animations/swat@Stand To Crouch.fbx
  artifactKey: Guid(29c346e8365cf054d8c35413c1e3be3c) Importer(815301076,1909f56bfc062723c751e8b465ee728b)
Start importing Assets/Animations/swat@Stand To Crouch.fbx using Guid(29c346e8365cf054d8c35413c1e3be3c) Importer(815301076,1909f56bfc062723c751e8b465ee728b)  -> (artifact id: '5968034d9a6d5f218c4ab359e85a1115') in 0.006412 seconds
  Import took 0.011087 seconds .

========================================================================
Received Prepare
Registering precompiled user dll's ...
Registered in 0.005737 seconds.
Begin MonoManager ReloadAssembly
Native extension for WindowsStandalone target not found
Refreshing native plugins compatible for Editor in 0.57 ms, found 2 plugins.
Preloading 0 native plugins for Editor in 0.00 ms.
Mono: successfully reloaded assembly
- Completed reload, in  1.180 seconds
Platform modules already initialized, skipping
Shader 'Universal Render Pipeline/Particles/Lit': fallback shader 'Universal Render Pipeline/Particles/SimpleLit' not found
Shader 'Universal Render Pipeline/Particles/Lit': fallback shader 'Universal Render Pipeline/Particles/SimpleLit' not found
Refreshing native plugins compatible for Editor in 0.55 ms, found 2 plugins.
Preloading 0 native plugins for Editor in 0.00 ms.
Unloading 2615 Unused Serialized files (Serialized files now loaded: 0)
System memory in use before: 120.6 MB.
System memory in use after: 118.1 MB.

Unloading 49 unused Assets to reduce memory usage. Loaded Objects now: 3118.
Total: 4.098800 ms (FindLiveObjects: 0.295500 ms CreateObjectMapping: 0.074700 ms MarkObjects: 2.157800 ms  DeleteObjects: 1.569300 ms)

========================================================================
Received Prepare
Registering precompiled user dll's ...
Registered in 0.005599 seconds.
Begin MonoManager ReloadAssembly
Native extension for WindowsStandalone target not found
Refreshing native plugins compatible for Editor in 0.56 ms, found 2 plugins.
Preloading 0 native plugins for Editor in 0.00 ms.
Mono: successfully reloaded assembly
- Completed reload, in  1.218 seconds
Platform modules already initialized, skipping
Shader 'Universal Render Pipeline/Particles/Lit': fallback shader 'Universal Render Pipeline/Particles/SimpleLit' not found
Shader 'Universal Render Pipeline/Particles/Lit': fallback shader 'Universal Render Pipeline/Particles/SimpleLit' not found
Refreshing native plugins compatible for Editor in 0.55 ms, found 2 plugins.
Preloading 0 native plugins for Editor in 0.00 ms.
Unloading 2615 Unused Serialized files (Serialized files now loaded: 0)
System memory in use before: 120.6 MB.
System memory in use after: 118.1 MB.

Unloading 49 unused Assets to reduce memory usage. Loaded Objects now: 3121.
Total: 4.156500 ms (FindLiveObjects: 0.286000 ms CreateObjectMapping: 0.072800 ms MarkObjects: 2.237400 ms  DeleteObjects: 1.558800 ms)

========================================================================
Received Prepare
Registering precompiled user dll's ...
Registered in 0.005517 seconds.
Begin MonoManager ReloadAssembly
Native extension for WindowsStandalone target not found
Refreshing native plugins compatible for Editor in 0.56 ms, found 2 plugins.
Preloading 0 native plugins for Editor in 0.00 ms.
Mono: successfully reloaded assembly
- Completed reload, in  1.179 seconds
Platform modules already initialized, skipping
Shader 'Universal Render Pipeline/Particles/Lit': fallback shader 'Universal Render Pipeline/Particles/SimpleLit' not found
Shader 'Universal Render Pipeline/Particles/Lit': fallback shader 'Universal Render Pipeline/Particles/SimpleLit' not found
Refreshing native plugins compatible for Editor in 0.55 ms, found 2 plugins.
Preloading 0 native plugins for Editor in 0.00 ms.
Unloading 2615 Unused Serialized files (Serialized files now loaded: 0)
System memory in use before: 120.6 MB.
System memory in use after: 118.1 MB.

Unloading 49 unused Assets to reduce memory usage. Loaded Objects now: 3124.
Total: 3.977200 ms (FindLiveObjects: 0.251000 ms CreateObjectMapping: 0.073900 ms MarkObjects: 2.108400 ms  DeleteObjects: 1.542800 ms)

========================================================================
Received Prepare
Registering precompiled user dll's ...
Registered in 0.005618 seconds.
Begin MonoManager ReloadAssembly
Native extension for WindowsStandalone target not found
Refreshing native plugins compatible for Editor in 0.55 ms, found 2 plugins.
Preloading 0 native plugins for Editor in 0.00 ms.
Mono: successfully reloaded assembly
- Completed reload, in  1.232 seconds
Platform modules already initialized, skipping
Shader 'Universal Render Pipeline/Particles/Lit': fallback shader 'Universal Render Pipeline/Particles/SimpleLit' not found
Shader 'Universal Render Pipeline/Particles/Lit': fallback shader 'Universal Render Pipeline/Particles/SimpleLit' not found
Refreshing native plugins compatible for Editor in 0.58 ms, found 2 plugins.
Preloading 0 native plugins for Editor in 0.00 ms.
Unloading 2615 Unused Serialized files (Serialized files now loaded: 0)
System memory in use before: 120.6 MB.
System memory in use after: 118.1 MB.

Unloading 49 unused Assets to reduce memory usage. Loaded Objects now: 3127.
Total: 4.612800 ms (FindLiveObjects: 0.281200 ms CreateObjectMapping: 0.073000 ms MarkObjects: 2.422800 ms  DeleteObjects: 1.834600 ms)

========================================================================
Received Prepare
Registering precompiled user dll's ...
Registered in 0.005485 seconds.
Begin MonoManager ReloadAssembly
Native extension for WindowsStandalone target not found
Refreshing native plugins compatible for Editor in 0.56 ms, found 2 plugins.
Preloading 0 native plugins for Editor in 0.00 ms.
Mono: successfully reloaded assembly
- Completed reload, in  1.187 seconds
Platform modules already initialized, skipping
Shader 'Universal Render Pipeline/Particles/Lit': fallback shader 'Universal Render Pipeline/Particles/SimpleLit' not found
Shader 'Universal Render Pipeline/Particles/Lit': fallback shader 'Universal Render Pipeline/Particles/SimpleLit' not found
Refreshing native plugins compatible for Editor in 0.55 ms, found 2 plugins.
Preloading 0 native plugins for Editor in 0.00 ms.
Unloading 2615 Unused Serialized files (Serialized files now loaded: 0)
System memory in use before: 120.6 MB.
System memory in use after: 118.1 MB.

Unloading 49 unused Assets to reduce memory usage. Loaded Objects now: 3130.
Total: 4.471200 ms (FindLiveObjects: 0.299500 ms CreateObjectMapping: 0.078500 ms MarkObjects: 2.509400 ms  DeleteObjects: 1.582400 ms)

========================================================================
Received Prepare
Registering precompiled user dll's ...
Registered in 0.005631 seconds.
Begin MonoManager ReloadAssembly
Native extension for WindowsStandalone target not found
Refreshing native plugins compatible for Editor in 0.56 ms, found 2 plugins.
Preloading 0 native plugins for Editor in 0.00 ms.
Mono: successfully reloaded assembly
- Completed reload, in  1.205 seconds
Platform modules already initialized, skipping
Shader 'Universal Render Pipeline/Particles/Lit': fallback shader 'Universal Render Pipeline/Particles/SimpleLit' not found
Shader 'Universal Render Pipeline/Particles/Lit': fallback shader 'Universal Render Pipeline/Particles/SimpleLit' not found
Refreshing native plugins compatible for Editor in 0.58 ms, found 2 plugins.
Preloading 0 native plugins for Editor in 0.00 ms.
Unloading 2615 Unused Serialized files (Serialized files now loaded: 0)
System memory in use before: 120.6 MB.
System memory in use after: 118.1 MB.

Unloading 49 unused Assets to reduce memory usage. Loaded Objects now: 3133.
Total: 3.989100 ms (FindLiveObjects: 0.264600 ms CreateObjectMapping: 0.074400 ms MarkObjects: 2.110300 ms  DeleteObjects: 1.538400 ms)

========================================================================
Received Prepare
Registering precompiled user dll's ...
Registered in 0.005680 seconds.
Begin MonoManager ReloadAssembly
Native extension for WindowsStandalone target not found
Refreshing native plugins compatible for Editor in 0.58 ms, found 2 plugins.
Preloading 0 native plugins for Editor in 0.00 ms.
Mono: successfully reloaded assembly
- Completed reload, in  1.199 seconds
Platform modules already initialized, skipping
Shader 'Universal Render Pipeline/Particles/Lit': fallback shader 'Universal Render Pipeline/Particles/SimpleLit' not found
Shader 'Universal Render Pipeline/Particles/Lit': fallback shader 'Universal Render Pipeline/Particles/SimpleLit' not found
Refreshing native plugins compatible for Editor in 0.57 ms, found 2 plugins.
Preloading 0 native plugins for Editor in 0.00 ms.
Unloading 2615 Unused Serialized files (Serialized files now loaded: 0)
System memory in use before: 120.6 MB.
System memory in use after: 118.1 MB.

Unloading 49 unused Assets to reduce memory usage. Loaded Objects now: 3136.
Total: 4.774900 ms (FindLiveObjects: 0.365700 ms CreateObjectMapping: 0.099400 ms MarkObjects: 2.526900 ms  DeleteObjects: 1.781500 ms)

========================================================================
Received Prepare
Registering precompiled user dll's ...
Registered in 0.005501 seconds.
Begin MonoManager ReloadAssembly
Native extension for WindowsStandalone target not found
Refreshing native plugins compatible for Editor in 0.56 ms, found 2 plugins.
Preloading 0 native plugins for Editor in 0.00 ms.
Mono: successfully reloaded assembly
- Completed reload, in  1.183 seconds
Platform modules already initialized, skipping
Shader 'Universal Render Pipeline/Particles/Lit': fallback shader 'Universal Render Pipeline/Particles/SimpleLit' not found
Shader 'Universal Render Pipeline/Particles/Lit': fallback shader 'Universal Render Pipeline/Particles/SimpleLit' not found
Refreshing native plugins compatible for Editor in 0.55 ms, found 2 plugins.
Preloading 0 native plugins for Editor in 0.00 ms.
Unloading 2615 Unused Serialized files (Serialized files now loaded: 0)
System memory in use before: 120.6 MB.
System memory in use after: 118.1 MB.

Unloading 49 unused Assets to reduce memory usage. Loaded Objects now: 3139.
Total: 4.014100 ms (FindLiveObjects: 0.269200 ms CreateObjectMapping: 0.071500 ms MarkObjects: 2.102700 ms  DeleteObjects: 1.569500 ms)

========================================================================
Received Prepare
Registering precompiled user dll's ...
Registered in 0.005543 seconds.
Begin MonoManager ReloadAssembly
Native extension for WindowsStandalone target not found
Refreshing native plugins compatible for Editor in 0.59 ms, found 2 plugins.
Preloading 0 native plugins for Editor in 0.00 ms.
Mono: successfully reloaded assembly
- Completed reload, in  1.189 seconds
Platform modules already initialized, skipping
Shader 'Universal Render Pipeline/Particles/Lit': fallback shader 'Universal Render Pipeline/Particles/SimpleLit' not found
Shader 'Universal Render Pipeline/Particles/Lit': fallback shader 'Universal Render Pipeline/Particles/SimpleLit' not found
Refreshing native plugins compatible for Editor in 0.58 ms, found 2 plugins.
Preloading 0 native plugins for Editor in 0.00 ms.
Unloading 2615 Unused Serialized files (Serialized files now loaded: 0)
System memory in use before: 120.6 MB.
System memory in use after: 118.1 MB.

Unloading 49 unused Assets to reduce memory usage. Loaded Objects now: 3142.
Total: 4.113100 ms (FindLiveObjects: 0.281400 ms CreateObjectMapping: 0.074200 ms MarkObjects: 2.177400 ms  DeleteObjects: 1.579100 ms)

========================================================================
Received Prepare
Registering precompiled user dll's ...
Registered in 0.005531 seconds.
Begin MonoManager ReloadAssembly
Native extension for WindowsStandalone target not found
Refreshing native plugins compatible for Editor in 0.55 ms, found 2 plugins.
Preloading 0 native plugins for Editor in 0.00 ms.
Mono: successfully reloaded assembly
- Completed reload, in  1.181 seconds
Platform modules already initialized, skipping
Shader 'Universal Render Pipeline/Particles/Lit': fallback shader 'Universal Render Pipeline/Particles/SimpleLit' not found
Shader 'Universal Render Pipeline/Particles/Lit': fallback shader 'Universal Render Pipeline/Particles/SimpleLit' not found
Refreshing native plugins compatible for Editor in 0.55 ms, found 2 plugins.
Preloading 0 native plugins for Editor in 0.00 ms.
Unloading 2615 Unused Serialized files (Serialized files now loaded: 0)
System memory in use before: 120.7 MB.
System memory in use after: 118.1 MB.

Unloading 49 unused Assets to reduce memory usage. Loaded Objects now: 3145.
Total: 4.069500 ms (FindLiveObjects: 0.270600 ms CreateObjectMapping: 0.075000 ms MarkObjects: 2.160400 ms  DeleteObjects: 1.562300 ms)

========================================================================
Received Prepare
Registering precompiled user dll's ...
Registered in 0.005569 seconds.
Begin MonoManager ReloadAssembly
Native extension for WindowsStandalone target not found
Refreshing native plugins compatible for Editor in 0.56 ms, found 2 plugins.
Preloading 0 native plugins for Editor in 0.00 ms.
Mono: successfully reloaded assembly
- Completed reload, in  1.182 seconds
Platform modules already initialized, skipping
Shader 'Universal Render Pipeline/Particles/Lit': fallback shader 'Universal Render Pipeline/Particles/SimpleLit' not found
Shader 'Universal Render Pipeline/Particles/Lit': fallback shader 'Universal Render Pipeline/Particles/SimpleLit' not found
Refreshing native plugins compatible for Editor in 0.56 ms, found 2 plugins.
Preloading 0 native plugins for Editor in 0.00 ms.
Unloading 2615 Unused Serialized files (Serialized files now loaded: 0)
System memory in use before: 120.7 MB.
System memory in use after: 118.1 MB.

Unloading 49 unused Assets to reduce memory usage. Loaded Objects now: 3148.
Total: 4.023400 ms (FindLiveObjects: 0.272900 ms CreateObjectMapping: 0.074300 ms MarkObjects: 2.088400 ms  DeleteObjects: 1.586400 ms)

========================================================================
Received Prepare
Registering precompiled user dll's ...
Registered in 0.006172 seconds.
Begin MonoManager ReloadAssembly
Native extension for WindowsStandalone target not found
Refreshing native plugins compatible for Editor in 0.60 ms, found 2 plugins.
Preloading 0 native plugins for Editor in 0.00 ms.
Mono: successfully reloaded assembly
- Completed reload, in  1.203 seconds
Platform modules already initialized, skipping
Shader 'Universal Render Pipeline/Particles/Lit': fallback shader 'Universal Render Pipeline/Particles/SimpleLit' not found
Shader 'Universal Render Pipeline/Particles/Lit': fallback shader 'Universal Render Pipeline/Particles/SimpleLit' not found
Refreshing native plugins compatible for Editor in 0.78 ms, found 2 plugins.
Preloading 0 native plugins for Editor in 0.00 ms.
Unloading 2615 Unused Serialized files (Serialized files now loaded: 0)
System memory in use before: 120.6 MB.
System memory in use after: 118.1 MB.

Unloading 49 unused Assets to reduce memory usage. Loaded Objects now: 3151.
Total: 5.043500 ms (FindLiveObjects: 0.383700 ms CreateObjectMapping: 0.097200 ms MarkObjects: 2.719400 ms  DeleteObjects: 1.841800 ms)

========================================================================
Received Prepare
Registering precompiled user dll's ...
Registered in 0.005776 seconds.
Begin MonoManager ReloadAssembly
Native extension for WindowsStandalone target not found
Refreshing native plugins compatible for Editor in 0.57 ms, found 2 plugins.
Preloading 0 native plugins for Editor in 0.00 ms.
Mono: successfully reloaded assembly
- Completed reload, in  1.195 seconds
Platform modules already initialized, skipping
Shader 'Universal Render Pipeline/Particles/Lit': fallback shader 'Universal Render Pipeline/Particles/SimpleLit' not found
Shader 'Universal Render Pipeline/Particles/Lit': fallback shader 'Universal Render Pipeline/Particles/SimpleLit' not found
Refreshing native plugins compatible for Editor in 0.60 ms, found 2 plugins.
Preloading 0 native plugins for Editor in 0.00 ms.
Unloading 2615 Unused Serialized files (Serialized files now loaded: 0)
System memory in use before: 120.7 MB.
System memory in use after: 118.2 MB.

Unloading 49 unused Assets to reduce memory usage. Loaded Objects now: 3154.
Total: 4.470900 ms (FindLiveObjects: 0.298000 ms CreateObjectMapping: 0.080500 ms MarkObjects: 2.467600 ms  DeleteObjects: 1.622800 ms)

========================================================================
Received Prepare
Registering precompiled user dll's ...
Registered in 0.005542 seconds.
Begin MonoManager ReloadAssembly
Native extension for WindowsStandalone target not found
Refreshing native plugins compatible for Editor in 0.56 ms, found 2 plugins.
Preloading 0 native plugins for Editor in 0.00 ms.
Mono: successfully reloaded assembly
- Completed reload, in  1.193 seconds
Platform modules already initialized, skipping
Shader 'Universal Render Pipeline/Particles/Lit': fallback shader 'Universal Render Pipeline/Particles/SimpleLit' not found
Shader 'Universal Render Pipeline/Particles/Lit': fallback shader 'Universal Render Pipeline/Particles/SimpleLit' not found
Refreshing native plugins compatible for Editor in 0.55 ms, found 2 plugins.
Preloading 0 native plugins for Editor in 0.00 ms.
Unloading 2615 Unused Serialized files (Serialized files now loaded: 0)
System memory in use before: 120.7 MB.
System memory in use after: 118.2 MB.

Unloading 49 unused Assets to reduce memory usage. Loaded Objects now: 3157.
Total: 4.534600 ms (FindLiveObjects: 0.310000 ms CreateObjectMapping: 0.076800 ms MarkObjects: 2.547700 ms  DeleteObjects: 1.598100 ms)

AssetImportWorkerClient::OnTransportError - code=2 error=End of file
